{"C:\\Users\\Orange Sevillana\\Documents\\GitHub\\STSWENG7\\controllers\\userController.js": {"path":"C:\\Users\\Orange Sevillana\\Documents\\GitHub\\STSWENG7\\controllers\\userController.js","statementMap":{"0":{"start":{"line":1,"column":13},"end":{"line":1,"column":39}},"1":{"start":{"line":2,"column":15},"end":{"line":2,"column":32}},"2":{"start":{"line":3,"column":29},"end":{"line":3,"column":57}},"3":{"start":{"line":44,"column":0},"end":{"line":75,"column":1}},"4":{"start":{"line":46,"column":19},"end":{"line":46,"column":40}},"5":{"start":{"line":48,"column":4},"end":{"line":74,"column":5}},"6":{"start":{"line":49,"column":37},"end":{"line":49,"column":45}},"7":{"start":{"line":50,"column":26},"end":{"line":50,"column":66}},"8":{"start":{"line":51,"column":8},"end":{"line":68,"column":9}},"9":{"start":{"line":52,"column":12},"end":{"line":52,"column":63}},"10":{"start":{"line":53,"column":12},"end":{"line":53,"column":50}},"11":{"start":{"line":54,"column":12},"end":{"line":54,"column":35}},"12":{"start":{"line":56,"column":12},"end":{"line":56,"column":32}},"13":{"start":{"line":57,"column":12},"end":{"line":67,"column":15}},"14":{"start":{"line":58,"column":16},"end":{"line":66,"column":17}},"15":{"start":{"line":59,"column":20},"end":{"line":59,"column":62}},"16":{"start":{"line":60,"column":20},"end":{"line":60,"column":44}},"17":{"start":{"line":61,"column":20},"end":{"line":61,"column":42}},"18":{"start":{"line":63,"column":20},"end":{"line":63,"column":66}},"19":{"start":{"line":64,"column":20},"end":{"line":64,"column":49}},"20":{"start":{"line":65,"column":20},"end":{"line":65,"column":43}},"21":{"start":{"line":70,"column":25},"end":{"line":70,"column":63}},"22":{"start":{"line":70,"column":54},"end":{"line":70,"column":62}},"23":{"start":{"line":71,"column":8},"end":{"line":71,"column":54}},"24":{"start":{"line":72,"column":8},"end":{"line":72,"column":51}},"25":{"start":{"line":73,"column":8},"end":{"line":73,"column":31}}},"fnMap":{"0":{"name":"(anonymous_0)","decl":{"start":{"line":44,"column":16},"end":{"line":44,"column":17}},"loc":{"start":{"line":44,"column":36},"end":{"line":75,"column":1}},"line":44},"1":{"name":"(anonymous_1)","decl":{"start":{"line":57,"column":57},"end":{"line":57,"column":58}},"loc":{"start":{"line":57,"column":74},"end":{"line":67,"column":13}},"line":57},"2":{"name":"(anonymous_2)","decl":{"start":{"line":70,"column":44},"end":{"line":70,"column":45}},"loc":{"start":{"line":70,"column":54},"end":{"line":70,"column":62}},"line":70}},"branchMap":{"0":{"loc":{"start":{"line":48,"column":4},"end":{"line":74,"column":5}},"type":"if","locations":[{"start":{"line":48,"column":4},"end":{"line":74,"column":5}},{"start":{"line":69,"column":11},"end":{"line":74,"column":5}}],"line":48},"1":{"loc":{"start":{"line":51,"column":8},"end":{"line":68,"column":9}},"type":"if","locations":[{"start":{"line":51,"column":8},"end":{"line":68,"column":9}},{"start":{"line":55,"column":15},"end":{"line":68,"column":9}}],"line":51},"2":{"loc":{"start":{"line":58,"column":16},"end":{"line":66,"column":17}},"type":"if","locations":[{"start":{"line":58,"column":16},"end":{"line":66,"column":17}},{"start":{"line":62,"column":23},"end":{"line":66,"column":17}}],"line":58}},"s":{"0":1,"1":1,"2":1,"3":1,"4":3,"5":3,"6":2,"7":2,"8":2,"9":1,"10":1,"11":1,"12":1,"13":1,"14":1,"15":1,"16":1,"17":1,"18":0,"19":0,"20":0,"21":1,"22":2,"23":1,"24":1,"25":1},"f":{"0":3,"1":1,"2":2},"b":{"0":[2,1],"1":[1,1],"2":[1,0]},"_coverageSchema":"1a1c01bbd47fc00a2c39e90264f33305004495a9","hash":"1790f5e7ed1b3ba7af3bcb21bd6f604724b9e800"}
,"C:\\Users\\Orange Sevillana\\Documents\\GitHub\\STSWENG7\\models\\users.js": {"path":"C:\\Users\\Orange Sevillana\\Documents\\GitHub\\STSWENG7\\models\\users.js","statementMap":{"0":{"start":{"line":1,"column":17},"end":{"line":1,"column":36}},"1":{"start":{"line":3,"column":20},"end":{"line":12,"column":2}},"2":{"start":{"line":14,"column":0},"end":{"line":14,"column":53}}},"fnMap":{},"branchMap":{},"s":{"0":1,"1":1,"2":1},"f":{},"b":{},"_coverageSchema":"1a1c01bbd47fc00a2c39e90264f33305004495a9","hash":"95c6e1486c149666bde938db839306c01e3ebc24"}
}
