{"C:\\Users\\Orange Sevillana\\Documents\\GitHub\\STSWENG7\\controllers\\userController.js": {"path":"C:\\Users\\Orange Sevillana\\Documents\\GitHub\\STSWENG7\\controllers\\userController.js","statementMap":{"0":{"start":{"line":1,"column":13},"end":{"line":1,"column":39}},"1":{"start":{"line":2,"column":15},"end":{"line":2,"column":32}},"2":{"start":{"line":3,"column":29},"end":{"line":3,"column":57}},"3":{"start":{"line":6,"column":0},"end":{"line":39,"column":2}},"4":{"start":{"line":8,"column":19},"end":{"line":8,"column":40}},"5":{"start":{"line":10,"column":4},"end":{"line":38,"column":5}},"6":{"start":{"line":11,"column":51},"end":{"line":11,"column":59}},"7":{"start":{"line":12,"column":30},"end":{"line":12,"column":69}},"8":{"start":{"line":13,"column":8},"end":{"line":33,"column":9}},"9":{"start":{"line":14,"column":12},"end":{"line":14,"column":66}},"10":{"start":{"line":15,"column":12},"end":{"line":15,"column":53}},"11":{"start":{"line":16,"column":12},"end":{"line":16,"column":37}},"12":{"start":{"line":17,"column":15},"end":{"line":33,"column":9}},"13":{"start":{"line":18,"column":12},"end":{"line":18,"column":64}},"14":{"start":{"line":19,"column":12},"end":{"line":19,"column":48}},"15":{"start":{"line":20,"column":12},"end":{"line":20,"column":37}},"16":{"start":{"line":22,"column":31},"end":{"line":22,"column":33}},"17":{"start":{"line":23,"column":12},"end":{"line":32,"column":15}},"18":{"start":{"line":24,"column":32},"end":{"line":27,"column":17}},"19":{"start":{"line":28,"column":16},"end":{"line":28,"column":42}},"20":{"start":{"line":29,"column":16},"end":{"line":29,"column":67}},"21":{"start":{"line":30,"column":16},"end":{"line":30,"column":41}},"22":{"start":{"line":31,"column":16},"end":{"line":31,"column":41}},"23":{"start":{"line":35,"column":25},"end":{"line":35,"column":63}},"24":{"start":{"line":35,"column":54},"end":{"line":35,"column":62}},"25":{"start":{"line":36,"column":8},"end":{"line":36,"column":52}},"26":{"start":{"line":37,"column":8},"end":{"line":37,"column":34}},"27":{"start":{"line":42,"column":0},"end":{"line":70,"column":1}},"28":{"start":{"line":44,"column":19},"end":{"line":44,"column":40}},"29":{"start":{"line":46,"column":4},"end":{"line":69,"column":5}},"30":{"start":{"line":47,"column":37},"end":{"line":47,"column":45}},"31":{"start":{"line":48,"column":26},"end":{"line":48,"column":66}},"32":{"start":{"line":49,"column":8},"end":{"line":64,"column":9}},"33":{"start":{"line":50,"column":12},"end":{"line":50,"column":63}},"34":{"start":{"line":51,"column":12},"end":{"line":51,"column":50}},"35":{"start":{"line":52,"column":12},"end":{"line":52,"column":35}},"36":{"start":{"line":54,"column":12},"end":{"line":54,"column":32}},"37":{"start":{"line":55,"column":12},"end":{"line":63,"column":15}},"38":{"start":{"line":56,"column":16},"end":{"line":62,"column":17}},"39":{"start":{"line":57,"column":20},"end":{"line":57,"column":62}},"40":{"start":{"line":58,"column":20},"end":{"line":58,"column":42}},"41":{"start":{"line":60,"column":20},"end":{"line":60,"column":66}},"42":{"start":{"line":61,"column":20},"end":{"line":61,"column":43}},"43":{"start":{"line":66,"column":25},"end":{"line":66,"column":63}},"44":{"start":{"line":66,"column":54},"end":{"line":66,"column":62}},"45":{"start":{"line":67,"column":8},"end":{"line":67,"column":52}},"46":{"start":{"line":68,"column":8},"end":{"line":68,"column":31}},"47":{"start":{"line":73,"column":0},"end":{"line":80,"column":2}},"48":{"start":{"line":74,"column":4},"end":{"line":79,"column":5}},"49":{"start":{"line":75,"column":8},"end":{"line":78,"column":11}},"50":{"start":{"line":76,"column":12},"end":{"line":76,"column":43}},"51":{"start":{"line":77,"column":12},"end":{"line":77,"column":35}}},"fnMap":{"0":{"name":"(anonymous_0)","decl":{"start":{"line":6,"column":19},"end":{"line":6,"column":20}},"loc":{"start":{"line":6,"column":39},"end":{"line":39,"column":1}},"line":6},"1":{"name":"(anonymous_1)","decl":{"start":{"line":23,"column":46},"end":{"line":23,"column":47}},"loc":{"start":{"line":23,"column":69},"end":{"line":32,"column":13}},"line":23},"2":{"name":"(anonymous_2)","decl":{"start":{"line":35,"column":44},"end":{"line":35,"column":45}},"loc":{"start":{"line":35,"column":54},"end":{"line":35,"column":62}},"line":35},"3":{"name":"(anonymous_3)","decl":{"start":{"line":42,"column":16},"end":{"line":42,"column":17}},"loc":{"start":{"line":42,"column":36},"end":{"line":70,"column":1}},"line":42},"4":{"name":"(anonymous_4)","decl":{"start":{"line":55,"column":57},"end":{"line":55,"column":58}},"loc":{"start":{"line":55,"column":74},"end":{"line":63,"column":13}},"line":55},"5":{"name":"(anonymous_5)","decl":{"start":{"line":66,"column":44},"end":{"line":66,"column":45}},"loc":{"start":{"line":66,"column":54},"end":{"line":66,"column":62}},"line":66},"6":{"name":"(anonymous_6)","decl":{"start":{"line":73,"column":21},"end":{"line":73,"column":22}},"loc":{"start":{"line":73,"column":35},"end":{"line":80,"column":1}},"line":73},"7":{"name":"(anonymous_7)","decl":{"start":{"line":75,"column":28},"end":{"line":75,"column":29}},"loc":{"start":{"line":75,"column":34},"end":{"line":78,"column":9}},"line":75}},"branchMap":{"0":{"loc":{"start":{"line":10,"column":4},"end":{"line":38,"column":5}},"type":"if","locations":[{"start":{"line":10,"column":4},"end":{"line":38,"column":5}},{"start":{"line":34,"column":11},"end":{"line":38,"column":5}}],"line":10},"1":{"loc":{"start":{"line":13,"column":8},"end":{"line":33,"column":9}},"type":"if","locations":[{"start":{"line":13,"column":8},"end":{"line":33,"column":9}},{"start":{"line":17,"column":15},"end":{"line":33,"column":9}}],"line":13},"2":{"loc":{"start":{"line":17,"column":15},"end":{"line":33,"column":9}},"type":"if","locations":[{"start":{"line":17,"column":15},"end":{"line":33,"column":9}},{"start":{"line":21,"column":15},"end":{"line":33,"column":9}}],"line":17},"3":{"loc":{"start":{"line":46,"column":4},"end":{"line":69,"column":5}},"type":"if","locations":[{"start":{"line":46,"column":4},"end":{"line":69,"column":5}},{"start":{"line":65,"column":11},"end":{"line":69,"column":5}}],"line":46},"4":{"loc":{"start":{"line":49,"column":8},"end":{"line":64,"column":9}},"type":"if","locations":[{"start":{"line":49,"column":8},"end":{"line":64,"column":9}},{"start":{"line":53,"column":15},"end":{"line":64,"column":9}}],"line":49},"5":{"loc":{"start":{"line":56,"column":16},"end":{"line":62,"column":17}},"type":"if","locations":[{"start":{"line":56,"column":16},"end":{"line":62,"column":17}},{"start":{"line":59,"column":23},"end":{"line":62,"column":17}}],"line":56},"6":{"loc":{"start":{"line":74,"column":4},"end":{"line":79,"column":5}},"type":"if","locations":[{"start":{"line":74,"column":4},"end":{"line":79,"column":5}},{"start":{},"end":{}}],"line":74}},"s":{"0":1,"1":1,"2":1,"3":1,"4":0,"5":0,"6":0,"7":0,"8":0,"9":0,"10":0,"11":0,"12":0,"13":0,"14":0,"15":0,"16":0,"17":0,"18":0,"19":0,"20":0,"21":0,"22":0,"23":0,"24":0,"25":0,"26":0,"27":1,"28":1,"29":1,"30":1,"31":1,"32":1,"33":1,"34":1,"35":1,"36":0,"37":0,"38":0,"39":0,"40":0,"41":0,"42":0,"43":0,"44":0,"45":0,"46":0,"47":1,"48":0,"49":0,"50":0,"51":0},"f":{"0":0,"1":0,"2":0,"3":1,"4":0,"5":0,"6":0,"7":0},"b":{"0":[0,0],"1":[0,0],"2":[0,0],"3":[1,0],"4":[1,0],"5":[0,0],"6":[0,0]},"_coverageSchema":"1a1c01bbd47fc00a2c39e90264f33305004495a9","hash":"41ce3387586b7f9867b1bec17c75885198b454fe"}
,"C:\\Users\\Orange Sevillana\\Documents\\GitHub\\STSWENG7\\models\\users.js": {"path":"C:\\Users\\Orange Sevillana\\Documents\\GitHub\\STSWENG7\\models\\users.js","statementMap":{"0":{"start":{"line":1,"column":17},"end":{"line":1,"column":36}},"1":{"start":{"line":3,"column":20},"end":{"line":12,"column":2}},"2":{"start":{"line":14,"column":0},"end":{"line":14,"column":53}}},"fnMap":{},"branchMap":{},"s":{"0":1,"1":1,"2":1},"f":{},"b":{},"_coverageSchema":"1a1c01bbd47fc00a2c39e90264f33305004495a9","hash":"95c6e1486c149666bde938db839306c01e3ebc24"}
}
