TN:
SF:controllers\userController.js
FN:44,(anonymous_0)
FN:58,(anonymous_1)
FN:71,(anonymous_2)
FN:79,(anonymous_3)
FN:81,(anonymous_4)
FNF:5
FNH:5
FNDA:4,(anonymous_0)
FNDA:2,(anonymous_1)
FNDA:2,(anonymous_2)
FNDA:1,(anonymous_3)
FNDA:1,(anonymous_4)
DA:1,1
DA:2,1
DA:3,1
DA:44,1
DA:46,4
DA:48,4
DA:49,3
DA:50,3
DA:51,3
DA:52,3
DA:53,1
DA:54,1
DA:55,1
DA:57,2
DA:58,2
DA:59,2
DA:60,1
DA:61,1
DA:62,1
DA:64,1
DA:65,1
DA:66,1
DA:71,2
DA:72,1
DA:73,1
DA:74,1
DA:79,1
DA:80,1
DA:81,1
DA:82,1
DA:83,1
DA:84,1
LF:32
LH:32
BRDA:48,0,0,3
BRDA:48,0,1,1
BRDA:52,1,0,1
BRDA:52,1,1,2
BRDA:59,2,0,1
BRDA:59,2,1,1
BRDA:80,3,0,1
BRDA:80,3,1,0
BRF:8
BRH:7
end_of_record
TN:
SF:models\users.js
FNF:0
FNH:0
DA:1,1
DA:3,1
DA:14,1
LF:3
LH:3
BRF:0
BRH:0
end_of_record
